20 25 57 58 79 90 117 154 159 177 181
11 20 25 34 42 57 58 79 117 124 128 159 177 178
11 20 25 34 47 50 56 57 58 59 69 79 81 109 117 124 128 131 154 159 166 167 173 177 181
20 25 37 57 58 69 79 100 106 117 159 169 172 173 177 182
29 42 49 71 178 188
20 25 57 69 79 159 173 177
24 29 49 71 123 184 188
38 71 78 123 135 151 152 188 190
1 2 3 6 8 10 19 27 28 31 33 35 41 44 48 62 67 75 85 87 91 92 95 105 110 111 116 118 119 120 121 129 130 133 136 141 143 146 148 153 156 160 164 168 175 176 185 189 191 194
11 34 38 40 49 71 78 114 123 124 128 135 138 151 152 178 188 190
24 30 38 40 49 71 78 85 114 121 123 135 138 143 146 151 152 160 168 188
1 2 3 4 5 6 7 8 9 10 12 13 14 15 16 17 18 19 21 22 23 26 27 28 30 31 32 33 35 36 38 39 40 41 43 44 45 46 48 49 51 52 53 54 55 60 61 62 63 64 65 66 67 68 70 71 72 73 74 75 76 77 78 80 82 83 84 85 86 87 88 89 90 91 92 93 94 95 96 97 98 99 101 102 103 104 105 107 108 110 111 112 113 114 115 116 118 119 120 121 122 123 125 126 127 129 130 132 133 135 136 137 138 139 140 141 142 143 144 145 146 147 148 149 150 151 152 153 155 156 157 158 160 161 162 163 164 165 168 170 171 174 175 176 179 180 183 185 186 187 188 189 191 192 193 194
30 85 121 134 143 146 160 168
47 50 56 59 69 81 109 131 166 167 173
29 37 100 106 134 169 172 182 184 190
11 34 42 124 128 178
38 40 78 114 123 135 138 151 152
24 29 42 49 178 184
37 69 100 106 169 172 173 182
11 29 42 128 178 184 190
11 34 37 100 106 124 128 169 172 178 182 190
11 34 124 128 134 190
30 34 40 85 114 124 138
11 49 71 123 178 188
