20 25 34 57 58 79 117 124 159 177
20 25 57 79 154 159 177 181
11 20 25 30 34 42 57 79 90 124 128 154 159 177 178 181
20 25 34 47 50 56 57 58 59 69 79 81 109 117 124 131 154 159 166 167 173 177 181
20 25 37 57 58 69 79 100 106 117 159 169 172 173 177 182
24 29 49 71 123 188
29 42 49 71 178 188
11 49 71 123 178 188
38 49 71 78 123 135 151 152 188
1 2 3 6 8 10 19 27 28 31 33 35 38 40 41 44 48 49 62 67 71 75 78 85 87 91 92 95 105 110 111 114 116 118 119 120 121 123 129 130 133 135 136 138 141 143 146 148 151 152 153 156 160 164 168 175 176 185 188 189 191 194
38 40 49 71 78 85 114 121 123 135 138 143 146 151 152 160 168 188
11 34 38 40 71 78 114 123 124 128 135 138 151 152 188 190
24 29 42 49 178 184
30 85 121 143 146 160 168
4 5 7 9 12 13 14 15 16 17 18 20 21 22 23 25 26 32 36 39 43 45 46 47 50 51 52 53 54 55 56 57 58 59 60 61 63 64 65 66 68 69 70 72 73 74 76 77 79 80 81 82 83 84 86 88 89 90 93 94 96 97 98 99 101 102 103 104 107 108 109 112 113 115 117 122 125 126 127 131 132 137 139 140 142 144 145 147 149 150 154 155 157 158 159 161 162 163 165 166 167 170 171 173 174 177 179 180 181 183 186 187 192 193
1 2 3 4 5 6 7 8 9 10 12 13 14 15 16 17 18 19 21 22 23 26 27 28 31 32 33 35 36 37 38 39 40 41 43 44 45 46 48 49 51 52 53 54 55 60 61 62 63 64 65 66 67 68 70 71 72 73 74 75 76 77 78 80 82 83 84 85 86 87 88 89 91 92 93 94 95 96 97 98 99 100 101 102 103 104 105 106 107 108 110 111 112 113 114 115 116 118 119 120 121 122 123 125 126 127 129 130 132 133 134 135 136 137 138 139 140 141 142 143 144 145 146 147 148 149 150 151 152 153 155 156 157 158 160 161 162 163 164 165 168 169 170 171 172 174 175 176 179 180 182 183 185 186 187 188 189 190 191 192 193 194
11 34 42 124 128 178
11 34 124 128 134 190
34 37 100 106 124 134 169 172 182
47 50 56 59 69 81 109 131 166 167 173
29 37 100 106 169 172 182 184 190
30 34 40 85 114 124 138
38 78 135 151 152 190
11 29 42 128 178 184 190
38 40 78 85 114 135 138 151 152
